# JRE version: Java(TM) SE Runtime Environment (8.0_65-b17) (build 1.8.0_65-b17)
# Java VM: Java HotSpot(TM) Client VM (25.65-b01 mixed mode linux-arm )
Heap:
 def new generation   total 11008K, used 0K [0x65800000, 0x663e0000, 0x6a540000)
  eden space 9856K,   0% used [0x65800000, 0x65800000, 0x661a0000)
  from space 1152K,   0% used [0x662c0000, 0x662c0000, 0x663e0000)
  to   space 1152K,   0% used [0x661a0000, 0x661a0000, 0x662c0000)
 tenured generation   total 24776K, used 20608K [0x6a540000, 0x6bd72000, 0x74000000)
   the space 24776K,  83% used [0x6a540000, 0x6b960390, 0x6b960400, 0x6bd72000)
 Metaspace       used 15603K, capacity 15953K, committed 16024K, reserved 16688K
GC Heap History (10 events):
Event: 54.697 GC heap after
Heap after GC invocations=53 (full 2):
 def new generation   total 11008K, used 381K [0x65800000, 0x663e0000, 0x6a540000)
  eden space 9856K,   0% used [0x65800000, 0x65800000, 0x661a0000)
  from space 1152K,  33% used [0x661a0000, 0x661ff428, 0x662c0000)
  to   space 1152K,   0% used [0x662c0000, 0x662c0000, 0x663e0000)
 tenured generation   total 24136K, used 20380K [0x6a540000, 0x6bcd2000, 0x74000000)
   the space 24136K,  84% used [0x6a540000, 0x6b927260, 0x6b927400, 0x6bcd2000)
 Metaspace       used 14622K, capacity 14938K, committed 15000K, reserved 15664K
}
Event: 55.086 GC heap before
{Heap before GC invocations=53 (full 2):
 def new generation   total 11008K, used 10237K [0x65800000, 0x663e0000, 0x6a540000)
  eden space 9856K, 100% used [0x65800000, 0x661a0000, 0x661a0000)
  from space 1152K,  33% used [0x661a0000, 0x661ff428, 0x662c0000)
  to   space 1152K,   0% used [0x662c0000, 0x662c0000, 0x663e0000)
 tenured generation   total 24136K, used 20380K [0x6a540000, 0x6bcd2000, 0x74000000)
   the space 24136K,  84% used [0x6a540000, 0x6b927260, 0x6b927400, 0x6bcd2000)
 Metaspace       used 14624K, capacity 14940K, committed 15000K, reserved 15664K
Event: 55.102 GC heap after
Heap after GC invocations=54 (full 2):
 def new generation   total 11008K, used 888K [0x65800000, 0x663e0000, 0x6a540000)
  eden space 9856K,   0% used [0x65800000, 0x65800000, 0x661a0000)
  from space 1152K,  77% used [0x662c0000, 0x6639e0a8, 0x663e0000)
  to   space 1152K,   0% used [0x661a0000, 0x661a0000, 0x662c0000)
 tenured generation   total 24136K, used 20380K [0x6a540000, 0x6bcd2000, 0x74000000)
   the space 24136K,  84% used [0x6a540000, 0x6b927260, 0x6b927400, 0x6bcd2000)
 Metaspace       used 14624K, capacity 14940K, committed 15000K, reserved 15664K
}
Event: 92.113 GC heap before
{Heap before GC invocations=54 (full 2):
 def new generation   total 11008K, used 10744K [0x65800000, 0x663e0000, 0x6a540000)
  eden space 9856K, 100% used [0x65800000, 0x661a0000, 0x661a0000)
  from space 1152K,  77% used [0x662c0000, 0x6639e0a8, 0x663e0000)
  to   space 1152K,   0% used [0x661a0000, 0x661a0000, 0x662c0000)
 tenured generation   total 24136K, used 20380K [0x6a540000, 0x6bcd2000, 0x74000000)
   the space 24136K,  84% used [0x6a540000, 0x6b927260, 0x6b927400, 0x6bcd2000)
 Metaspace       used 14887K, capacity 15249K, committed 15256K, reserved 15664K
Event: 92.133 GC heap after
Heap after GC invocations=55 (full 2):
 def new generation   total 11008K, used 1152K [0x65800000, 0x663e0000, 0x6a540000)
  eden space 9856K,   0% used [0x65800000, 0x65800000, 0x661a0000)
  from space 1152K, 100% used [0x661a0000, 0x662c0000, 0x662c0000)
  to   space 1152K,   0% used [0x662c0000, 0x662c0000, 0x663e0000)
 tenured generation   total 24136K, used 21152K [0x6a540000, 0x6bcd2000, 0x74000000)
   the space 24136K,  87% used [0x6a540000, 0x6b9e80f0, 0x6b9e8200, 0x6bcd2000)
 Metaspace       used 14887K, capacity 15249K, committed 15256K, reserved 15664K
}
Event: 257.497 GC heap before
{Heap before GC invocations=55 (full 2):
 def new generation   total 11008K, used 11008K [0x65800000, 0x663e0000, 0x6a540000)
  eden space 9856K, 100% used [0x65800000, 0x661a0000, 0x661a0000)
  from space 1152K, 100% used [0x661a0000, 0x662c0000, 0x662c0000)
  to   space 1152K,   0% used [0x662c0000, 0x662c0000, 0x663e0000)
 tenured generation   total 24136K, used 21152K [0x6a540000, 0x6bcd2000, 0x74000000)
   the space 24136K,  87% used [0x6a540000, 0x6b9e80f0, 0x6b9e8200, 0x6bcd2000)
 Metaspace       used 15603K, capacity 15953K, committed 16024K, reserved 16688K
Event: 262.729 GC heap after
Heap after GC invocations=56 (full 2):
 def new generation   total 11008K, used 1152K [0x65800000, 0x663e0000, 0x6a540000)
  eden space 9856K,   0% used [0x65800000, 0x65800000, 0x661a0000)
  from space 1152K, 100% used [0x662c0000, 0x663e0000, 0x663e0000)
  to   space 1152K,   0% used [0x661a0000, 0x661a0000, 0x662c0000)
 tenured generation   total 24136K, used 22703K [0x6a540000, 0x6bcd2000, 0x74000000)
   the space 24136K,  94% used [0x6a540000, 0x6bb6bd50, 0x6bb6be00, 0x6bcd2000)
 Metaspace       used 15603K, capacity 15953K, committed 16024K, reserved 16688K
}
Event: 386.505 GC heap before
{Heap before GC invocations=56 (full 2):
 def new generation   total 11008K, used 11008K [0x65800000, 0x663e0000, 0x6a540000)
  eden space 9856K, 100% used [0x65800000, 0x661a0000, 0x661a0000)
  from space 1152K, 100% used [0x662c0000, 0x663e0000, 0x663e0000)
  to   space 1152K,   0% used [0x661a0000, 0x661a0000, 0x662c0000)
 tenured generation   total 24136K, used 22703K [0x6a540000, 0x6bcd2000, 0x74000000)
   the space 24136K,  94% used [0x6a540000, 0x6bb6bd50, 0x6bb6be00, 0x6bcd2000)
 Metaspace       used 15603K, capacity 15953K, committed 16024K, reserved 16688K
Event: 394.326 GC heap after
Heap after GC invocations=57 (full 2):
 def new generation   total 11008K, used 1152K [0x65800000, 0x663e0000, 0x6a540000)
  eden space 9856K,   0% used [0x65800000, 0x65800000, 0x661a0000)
  from space 1152K, 100% used [0x661a0000, 0x662c0000, 0x662c0000)
  to   space 1152K,   0% used [0x662c0000, 0x662c0000, 0x663e0000)
 tenured generation   total 24136K, used 23818K [0x6a540000, 0x6bcd2000, 0x74000000)
   the space 24136K,  98% used [0x6a540000, 0x6bc82938, 0x6bc82a00, 0x6bcd2000)
 Metaspace       used 15603K, capacity 15953K, committed 16024K, reserved 16688K
}
Event: 553.679 GC heap before
{Heap before GC invocations=57 (full 2):
 def new generation   total 11008K, used 11008K [0x65800000, 0x663e0000, 0x6a540000)
  eden space 9856K, 100% used [0x65800000, 0x661a0000, 0x661a0000)
  from space 1152K, 100% used [0x661a0000, 0x662c0000, 0x662c0000)
  to   space 1152K,   0% used [0x662c0000, 0x662c0000, 0x663e0000)
 tenured generation   total 24136K, used 23818K [0x6a540000, 0x6bcd2000, 0x74000000)
   the space 24136K,  98% used [0x6a540000, 0x6bc82938, 0x6bc82a00, 0x6bcd2000)
 Metaspace       used 15603K, capacity 15953K, committed 16024K, reserved 16688K

